# JRE version: OpenJDK Runtime Environment Microsoft-8035246 (17.0.8+7) (build 17.0.8+7-LTS)
# Java VM: OpenJDK 64-Bit Server VM Microsoft-8035246 (17.0.8+7-LTS, mixed mode, sharing, tiered, compressed oops, compressed class ptrs, g1 gc, windows-amd64)
GC Precious Log:
 CPUs: 4 total, 4 available
 Memory: 20354M
 Large Page Support: Disabled
 NUMA Support: Disabled
 Compressed Oops: Enabled (32-bit)
 Heap Region Size: 1M
 Heap Min Capacity: 8M
 Heap Initial Capacity: 320M
 Heap Max Capacity: 2G
 Pre-touch: Disabled
 Parallel Workers: 4
 Concurrent Workers: 1
 Concurrent Refinement Workers: 4
 Periodic GC: Disabled
Heap:
 garbage-first heap   total 398336K, used 181227K [0x0000000080000000, 0x0000000100000000)
  region size 1024K, 28 young (28672K), 17 survivors (17408K)
 Metaspace       used 103522K, committed 104512K, reserved 557056K
  class space    used 14361K, committed 14848K, reserved 425984K
GC Heap History (20 events):
Event: 33.876 GC heap before
{Heap before GC invocations=33 (full 0):
 garbage-first heap   total 211968K, used 166751K [0x0000000080000000, 0x0000000100000000)
  region size 1024K, 73 young (74752K), 1 survivors (1024K)
 Metaspace       used 86362K, committed 87104K, reserved 557056K
  class space    used 12017K, committed 12352K, reserved 425984K
}
Event: 33.882 GC heap after
{Heap after GC invocations=34 (full 0):
 garbage-first heap   total 211968K, used 94736K [0x0000000080000000, 0x0000000100000000)
  region size 1024K, 4 young (4096K), 4 survivors (4096K)
 Metaspace       used 86362K, committed 87104K, reserved 557056K
  class space    used 12017K, committed 12352K, reserved 425984K
}
Event: 35.266 GC heap before
{Heap before GC invocations=34 (full 0):
 garbage-first heap   total 211968K, used 167440K [0x0000000080000000, 0x0000000100000000)
  region size 1024K, 76 young (77824K), 4 survivors (4096K)
 Metaspace       used 90669K, committed 91456K, reserved 557056K
  class space    used 12688K, committed 13056K, reserved 425984K
}
Event: 35.278 GC heap after
{Heap after GC invocations=35 (full 0):
 garbage-first heap   total 211968K, used 99551K [0x0000000080000000, 0x0000000100000000)
  region size 1024K, 9 young (9216K), 9 survivors (9216K)
 Metaspace       used 90669K, committed 91456K, reserved 557056K
  class space    used 12688K, committed 13056K, reserved 425984K
}
Event: 36.890 GC heap before
{Heap before GC invocations=35 (full 0):
 garbage-first heap   total 211968K, used 177375K [0x0000000080000000, 0x0000000100000000)
  region size 1024K, 78 young (79872K), 9 survivors (9216K)
 Metaspace       used 93521K, committed 94400K, reserved 557056K
  class space    used 13062K, committed 13504K, reserved 425984K
}
Event: 36.911 GC heap after
{Heap after GC invocations=36 (full 0):
 garbage-first heap   total 211968K, used 123062K [0x0000000080000000, 0x0000000100000000)
  region size 1024K, 10 young (10240K), 10 survivors (10240K)
 Metaspace       used 93521K, committed 94400K, reserved 557056K
  class space    used 13062K, committed 13504K, reserved 425984K
}
Event: 37.997 GC heap before
{Heap before GC invocations=36 (full 0):
 garbage-first heap   total 211968K, used 171190K [0x0000000080000000, 0x0000000100000000)
  region size 1024K, 57 young (58368K), 10 survivors (10240K)
 Metaspace       used 94250K, committed 95104K, reserved 557056K
  class space    used 13138K, committed 13568K, reserved 425984K
}
Event: 38.014 GC heap after
{Heap after GC invocations=37 (full 0):
 garbage-first heap   total 211968K, used 135666K [0x0000000080000000, 0x0000000100000000)
  region size 1024K, 8 young (8192K), 8 survivors (8192K)
 Metaspace       used 94250K, committed 95104K, reserved 557056K
  class space    used 13138K, committed 13568K, reserved 425984K
}
Event: 38.641 GC heap before
{Heap before GC invocations=38 (full 0):
 garbage-first heap   total 250880K, used 170482K [0x0000000080000000, 0x0000000100000000)
  region size 1024K, 42 young (43008K), 8 survivors (8192K)
 Metaspace       used 96470K, committed 97344K, reserved 557056K
  class space    used 13455K, committed 13888K, reserved 425984K
}
Event: 38.654 GC heap after
{Heap after GC invocations=39 (full 0):
 garbage-first heap   total 250880K, used 138873K [0x0000000080000000, 0x0000000100000000)
  region size 1024K, 3 young (3072K), 3 survivors (3072K)
 Metaspace       used 96470K, committed 97344K, reserved 557056K
  class space    used 13455K, committed 13888K, reserved 425984K
}
Event: 38.756 GC heap before
{Heap before GC invocations=39 (full 0):
 garbage-first heap   total 250880K, used 148089K [0x0000000080000000, 0x0000000100000000)
  region size 1024K, 12 young (12288K), 3 survivors (3072K)
 Metaspace       used 97291K, committed 98176K, reserved 557056K
  class space    used 13614K, committed 14080K, reserved 425984K
}
Event: 38.762 GC heap after
{Heap after GC invocations=40 (full 0):
 garbage-first heap   total 250880K, used 138694K [0x0000000080000000, 0x0000000100000000)
  region size 1024K, 1 young (1024K), 1 survivors (1024K)
 Metaspace       used 97291K, committed 98176K, reserved 557056K
  class space    used 13614K, committed 14080K, reserved 425984K
}
Event: 39.898 GC heap before
{Heap before GC invocations=40 (full 0):
 garbage-first heap   total 250880K, used 200134K [0x0000000080000000, 0x0000000100000000)
  region size 1024K, 61 young (62464K), 1 survivors (1024K)
 Metaspace       used 100766K, committed 101824K, reserved 557056K
  class space    used 14056K, committed 14592K, reserved 425984K
}
Event: 39.912 GC heap after
{Heap after GC invocations=41 (full 0):
 garbage-first heap   total 250880K, used 143456K [0x0000000080000000, 0x0000000100000000)
  region size 1024K, 6 young (6144K), 6 survivors (6144K)
 Metaspace       used 100766K, committed 101824K, reserved 557056K
  class space    used 14056K, committed 14592K, reserved 425984K
}
Event: 40.651 GC heap before
{Heap before GC invocations=41 (full 0):
 garbage-first heap   total 250880K, used 202848K [0x0000000080000000, 0x0000000100000000)
  region size 1024K, 64 young (65536K), 6 survivors (6144K)
 Metaspace       used 101868K, committed 102848K, reserved 557056K
  class space    used 14179K, committed 14656K, reserved 425984K
}
Event: 40.668 GC heap after
{Heap after GC invocations=42 (full 0):
 garbage-first heap   total 250880K, used 150237K [0x0000000080000000, 0x0000000100000000)
  region size 1024K, 7 young (7168K), 7 survivors (7168K)
 Metaspace       used 101868K, committed 102848K, reserved 557056K
  class space    used 14179K, committed 14656K, reserved 425984K
}
Event: 41.655 GC heap before
{Heap before GC invocations=42 (full 0):
 garbage-first heap   total 250880K, used 203485K [0x0000000080000000, 0x0000000100000000)
  region size 1024K, 60 young (61440K), 7 survivors (7168K)
 Metaspace       used 102791K, committed 103744K, reserved 557056K
  class space    used 14292K, committed 14784K, reserved 425984K
}
Event: 41.670 GC heap after
{Heap after GC invocations=43 (full 0):
 garbage-first heap   total 398336K, used 154026K [0x0000000080000000, 0x0000000100000000)
  region size 1024K, 4 young (4096K), 4 survivors (4096K)
 Metaspace       used 102791K, committed 103744K, reserved 557056K
  class space    used 14292K, committed 14784K, reserved 425984K
}
Event: 44.432 GC heap before
{Heap before GC invocations=43 (full 0):
 garbage-first heap   total 398336K, used 335274K [0x0000000080000000, 0x0000000100000000)
  region size 1024K, 166 young (169984K), 4 survivors (4096K)
 Metaspace       used 103401K, committed 104384K, reserved 557056K
  class space    used 14350K, committed 14848K, reserved 425984K
}
Event: 44.456 GC heap after
{Heap after GC invocations=44 (full 0):
 garbage-first heap   total 398336K, used 166891K [0x0000000080000000, 0x0000000100000000)
  region size 1024K, 17 young (17408K), 17 survivors (17408K)
 Metaspace       used 103401K, committed 104384K, reserved 557056K
  class space    used 14350K, committed 14848K, reserved 425984K
}

